{
  "Cucumber Features": {
    "coverage": {
      "/home/ubuntu/freedom_house/app/models/user.rb": [
        1,
        null,
        null,
        null,
        1,
        null,
        1,
        null,
        null,
        null,
        1,
        null,
        1,
        0,
        0,
        null,
        0,
        null,
        null,
        1,
        0,
        null,
        null,
        null
      ],
      "/home/ubuntu/freedom_house/app/controllers/application_controller.rb": [
        1,
        1,
        null,
        1,
        0,
        0,
        null,
        0,
        null,
        null,
        null,
        1,
        0,
        null,
        null,
        null
      ],
      "/home/ubuntu/freedom_house/app/helpers/application_helper.rb": [
        1,
        null,
        1,
        9,
        null,
        null,
        1,
        3,
        null,
        null,
        1,
        15,
        null,
        null
      ],
      "/home/ubuntu/freedom_house/app/helpers/admin_helper.rb": [
        1,
        null
      ],
      "/home/ubuntu/freedom_house/app/helpers/dashboard_helper.rb": [
        1,
        null
      ],
      "/home/ubuntu/freedom_house/app/helpers/home_helper.rb": [
        1,
        null
      ],
      "/home/ubuntu/freedom_house/app/helpers/tracker_helper.rb": [
        1,
        null
      ],
      "/home/ubuntu/freedom_house/app/helpers/user_helper.rb": [
        1,
        null
      ],
      "/home/ubuntu/freedom_house/app/helpers/users_helper.rb": [
        1,
        null
      ],
      "/home/ubuntu/freedom_house/app/controllers/admin/dashboard_controller.rb": [
        1,
        null,
        1,
        1,
        null,
        1,
        null,
        null,
        null,
        1,
        1,
        0,
        null,
        null,
        null
      ],
      "/home/ubuntu/freedom_house/app/controllers/admin/users_controller.rb": [
        1,
        null,
        1,
        null,
        1,
        0,
        null,
        null,
        1,
        0,
        null,
        null,
        null,
        1,
        0,
        0,
        0,
        0,
        null,
        0,
        null,
        0,
        null,
        null,
        1,
        1,
        0,
        null,
        null,
        null
      ],
      "/home/ubuntu/freedom_house/app/controllers/home_controller.rb": [
        1,
        null,
        1,
        3,
        0,
        null,
        null,
        null
      ],
      "/home/ubuntu/freedom_house/app/controllers/tracker_controller.rb": [
        1,
        1,
        null,
        1,
        0,
        null,
        null,
        null
      ],
      "/home/ubuntu/freedom_house/app/controllers/user_controller.rb": [
        1,
        null,
        null,
        1,
        null,
        null,
        null,
        1,
        0,
        0,
        0,
        null,
        0,
        null,
        0,
        0,
        null,
        null
      ],
      "/home/ubuntu/freedom_house/app/models/article.rb": [
        1,
        null,
        1,
        null,
        1,
        null,
        null
      ],
      "/home/ubuntu/freedom_house/app/models/source.rb": [
        1,
        null,
        1,
        1,
        1,
        null,
        null
      ]
    },
    "timestamp": 1351275610
  },
  "RSpec": {
    "coverage": {
      "/home/jose/work/freedom_house/app/models/user.rb": [
        1,
        null,
        null,
        null,
        1,
        null,
        null,
        null,
        1,
        null,
        1,
        0,
        0,
        null,
        0,
        null,
        null
      ],
      "/home/jose/work/freedom_house/app/controllers/application_controller.rb": [
        1,
        1,
        null,
        1,
        0,
        0,
        null,
        0,
        null,
        null,
        null,
        1,
        0,
        null,
        null,
        null
      ],
      "/home/jose/work/freedom_house/app/helpers/application_helper.rb": [
        1,
        null,
        1,
        0,
        null,
        null,
        1,
        0,
        null,
        null,
        1,
        0,
        null,
        null
      ],
      "/home/jose/work/freedom_house/app/helpers/admin_helper.rb": [
        1,
        null
      ],
      "/home/jose/work/freedom_house/app/helpers/home_helper.rb": [
        1,
        null
      ],
      "/home/jose/work/freedom_house/app/helpers/tracker_helper.rb": [
        1,
        null
      ],
      "/home/jose/work/freedom_house/app/controllers/admin_controller.rb": [
        1,
        null,
        1,
        null,
        1,
        0,
        null,
        null,
        1,
        0,
        0,
        null,
        null,
        1,
        0,
        null,
        null,
        null,
        1,
        1,
        1,
        1,
        1,
        0,
        null,
        1,
        1,
        null,
        null,
        null,
        1,
        1,
        0,
        null,
        null
      ],
      "/home/jose/work/freedom_house/app/controllers/home_controller.rb": [
        1,
        null,
        1,
        0,
        0,
        null,
        null,
        null
      ],
      "/home/jose/work/freedom_house/app/controllers/tracker_controller.rb": [
        1,
        1,
        null,
        1,
        null,
        null,
        null,
        null
      ],
      "/home/jose/work/freedom_house/app/models/article.rb": [
        1,
        null,
        1,
        null,
        null
      ],
      "/home/jose/work/freedom_house/app/models/source.rb": [
        1,
        null,
        1,
        null,
        null
      ]
    },
    "timestamp": 1350999728
  }
}
